-------------------------------------------------------------------------------
Test set: TestSuite
-------------------------------------------------------------------------------
Tests run: 3, Failures: 1, Errors: 0, Skipped: 1, Time elapsed: 41.265 s <<< FAILURE! - in TestSuite
loginTest(practice.AllureReporting.Tests)  Time elapsed: 10.999 s  <<< FAILURE!
java.lang.AssertionError: expected [nopCommerce demo store123] but found [nopCommerce demo store. Login]
	at practice.AllureReporting.Tests.loginTest(Tests.java:60)

